<?xml version="1.0" encoding="UTF-8"?>
<!-- Generated by org.testng.reporters.JUnitReportReporter -->
<testsuite skipped="0" hostname="VIGYAN-L-PC3" name="LoginTest" tests="1" failures="0" timestamp="06 Mar 2019 02:38:19 GMT" time="7.612" errors="0">
  <testcase name="setUp" time="7.612" classname="LoginTest"/>
</testsuite> <!-- LoginTest -->
